<?xml version="1.0" encoding="UTF-8"?>
<testsuite xmlns:xsi="http://www.w3.org/2001/XMLSchema-instance" xsi:noNamespaceSchemaLocation="https://maven.apache.org/surefire/maven-surefire-plugin/xsd/surefire-test-report-3.0.xsd" version="3.0" name="sandbox.ejecutor.ServidorTest" time="0.244" tests="14" errors="0" skipped="0" failures="0">
  <properties>
[...]
</properties>
  <testcase name="a27_bundleDemasiadoGrandeEs413SinLeerElCuerpo" classname="sandbox.ejecutor.ServidorTest" time="0.011">
    <system-err><![CDATA[[ejecutor] no se pudieron fijar permisos 0660 sobre el socket
[ejecutor] escuchando en C:\Users\aguss\AppData\Local\Temp\ej5414724901181365644\e.sock
]]></system-err>
  </testcase>
  <testcase name="unBundleJustoEnElLimiteSeAcepta" classname="sandbox.ejecutor.ServidorTest" time="0.061">
    <system-err><![CDATA[[ejecutor] no se pudieron fijar permisos 0660 sobre el socket
[ejecutor] escuchando en C:\Users\aguss\AppData\Local\Temp\ej15069553631077163231\e.sock
]]></system-err>
  </testcase>
  <testcase name="saludEnReposo" classname="sandbox.ejecutor.ServidorTest" time="0.007">
    <system-err><![CDATA[[ejecutor] no se pudieron fijar permisos 0660 sobre el socket
[ejecutor] escuchando en C:\Users\aguss\AppData\Local\Temp\ej15809298303956087318\e.sock
]]></system-err>
  </testcase>
  <testcase name="a26_conLaColaLlenaExactamenteUnoRecibe503" classname="sandbox.ejecutor.ServidorTest" time="0.033">
    <system-err><![CDATA[[ejecutor] no se pudieron fijar permisos 0660 sobre el socket
[ejecutor] escuchando en C:\Users\aguss\AppData\Local\Temp\ej1024626857207977782\e.sock
]]></system-err>
  </testcase>
  <testcase name="apagadoOrdenado" classname="sandbox.ejecutor.ServidorTest" time="0.005">
    <system-err><![CDATA[[ejecutor] no se pudieron fijar permisos 0660 sobre el socket
[ejecutor] escuchando en C:\Users\aguss\AppData\Local\Temp\ej15518860972405223737\e.sock
]]></system-err>
  </testcase>
  <testcase name="r33_conLaColaLlenaSaludSigueEn200" classname="sandbox.ejecutor.ServidorTest" time="0.038">
    <system-err><![CDATA[[ejecutor] no se pudieron fijar permisos 0660 sobre el socket
[ejecutor] escuchando en C:\Users\aguss\AppData\Local\Temp\ej2145319558501509488\e.sock
]]></system-err>
  </testcase>
  <testcase name="caminoFelizDevuelveElContratoDeLaSeccion3" classname="sandbox.ejecutor.ServidorTest" time="0.006">
    <system-err><![CDATA[[ejecutor] no se pudieron fijar permisos 0660 sobre el socket
[ejecutor] escuchando en C:\Users\aguss\AppData\Local\Temp\ej7058930726291681268\e.sock
]]></system-err>
  </testcase>
  <testcase name="laRespuestaTieneLosCamposDeLaSeccion3EnOrden" classname="sandbox.ejecutor.ServidorTest" time="0.005">
    <system-err><![CDATA[[ejecutor] no se pudieron fijar permisos 0660 sobre el socket
[ejecutor] escuchando en C:\Users\aguss\AppData\Local\Temp\ej5553563487036430221\e.sock
]]></system-err>
  </testcase>
  <testcase name="sinContentLengthEs411" classname="sandbox.ejecutor.ServidorTest" time="0.007">
    <system-err><![CDATA[[ejecutor] no se pudieron fijar permisos 0660 sobre el socket
[ejecutor] escuchando en C:\Users\aguss\AppData\Local\Temp\ej16605314798527635633\e.sock
]]></system-err>
  </testcase>
  <testcase name="errorDaemonEs502" classname="sandbox.ejecutor.ServidorTest" time="0.009">
    <system-err><![CDATA[[ejecutor] no se pudieron fijar permisos 0660 sobre el socket
[ejecutor] escuchando en C:\Users\aguss\AppData\Local\Temp\ej13114837228637641918\e.sock
[ejecutor] no se pudieron fijar permisos 0660 sobre el socket
[ejecutor] escuchando en C:\Users\aguss\AppData\Local\Temp\ej13114837228637641918\d.sock
]]></system-err>
  </testcase>
  <testcase name="idConCaracteresDeRutaEs400" classname="sandbox.ejecutor.ServidorTest" time="0.004">
    <system-err><![CDATA[[ejecutor] no se pudieron fijar permisos 0660 sobre el socket
[ejecutor] escuchando en C:\Users\aguss\AppData\Local\Temp\ej192068893298897517\e.sock
]]></system-err>
  </testcase>
  <testcase name="otraRutaEs404" classname="sandbox.ejecutor.ServidorTest" time="0.022">
    <system-err><![CDATA[[ejecutor] no se pudieron fijar permisos 0660 sobre el socket
[ejecutor] escuchando en C:\Users\aguss\AppData\Local\Temp\ej13813577430215038921\e.sock
]]></system-err>
  </testcase>
  <testcase name="sinIdValidoEs400" classname="sandbox.ejecutor.ServidorTest" time="0.012">
    <system-err><![CDATA[[ejecutor] no se pudieron fijar permisos 0660 sobre el socket
[ejecutor] escuchando en C:\Users\aguss\AppData\Local\Temp\ej15953731900351786545\e.sock
]]></system-err>
  </testcase>
  <testcase name="saludEs503SiElDaemonNoResponde" classname="sandbox.ejecutor.ServidorTest" time="0.009">
    <system-err><![CDATA[[ejecutor] no se pudieron fijar permisos 0660 sobre el socket
[ejecutor] escuchando en C:\Users\aguss\AppData\Local\Temp\ej12676683102391806801\e.sock
]]></system-err>
  </testcase>
</testsuite>