<?xml version="1.0" encoding="UTF-8"?>
<testsuite xmlns:xsi="http://www.w3.org/2001/XMLSchema-instance" xsi:noNamespaceSchemaLocation="https://maven.apache.org/surefire/maven-surefire-plugin/xsd/surefire-test-report-3.0.xsd" version="3.0" name="sandbox.ejecutor.EjecucionTest" time="181.403" tests="19" errors="0" skipped="0" failures="0">
  <properties>
[...]
</properties>
  <testcase name="r72_stdinLlevaNonceYDespuesElTar" classname="sandbox.ejecutor.EjecucionTest" time="0.415">
    <system-err><![CDATA[[ejecutor] id=955e4389-65a5-488a-a654-a4cd41a3d2ab stdin_bytes=57 cierre_completo=true
[ejecutor] id=955e4389-65a5-488a-a654-a4cd41a3d2ab resultado=COMPLETADA exit=0 oom=false duracion_ms=69 stdout_bytes=0 stderr_bytes=0 truncada=false reporte_ausente=true
]]></system-err>
  </testcase>
  <testcase name="elCuerpoDeCreateEsElGolden" classname="sandbox.ejecutor.EjecucionTest" time="0.015">
    <system-err><![CDATA[[ejecutor] id=172076f9-84e3-4bd2-a9d2-cfcc5a8f0ba2 stdin_bytes=33 cierre_completo=true
[ejecutor] id=172076f9-84e3-4bd2-a9d2-cfcc5a8f0ba2 resultado=COMPLETADA exit=0 oom=false duracion_ms=7 stdout_bytes=0 stderr_bytes=0 truncada=false reporte_ausente=true
]]></system-err>
  </testcase>
  <testcase name="i7_elTarViajaOpaco" classname="sandbox.ejecutor.EjecucionTest" time="0.015">
    <system-err><![CDATA[[ejecutor] id=c286d6f4-6aab-4112-94c2-abbf2aea4812 stdin_bytes=1057 cierre_completo=true
[ejecutor] id=c286d6f4-6aab-4112-94c2-abbf2aea4812 resultado=COMPLETADA exit=0 oom=false duracion_ms=7 stdout_bytes=0 stderr_bytes=0 truncada=false reporte_ausente=true
]]></system-err>
  </testcase>
  <testcase name="elNonceEsDistintoCadaVez" classname="sandbox.ejecutor.EjecucionTest" time="0.026">
    <system-err><![CDATA[[ejecutor] id=3256c9fd-8ece-4004-b0dd-023ddc354ac8 stdin_bytes=33 cierre_completo=true
[ejecutor] id=3256c9fd-8ece-4004-b0dd-023ddc354ac8 resultado=COMPLETADA exit=0 oom=false duracion_ms=8 stdout_bytes=0 stderr_bytes=0 truncada=false reporte_ausente=true
[ejecutor] id=7b765c15-6df3-4305-82b9-a7d8824e9ec5 stdin_bytes=33 cierre_completo=true
[ejecutor] id=7b765c15-6df3-4305-82b9-a7d8824e9ec5 resultado=COMPLETADA exit=0 oom=false duracion_ms=7 stdout_bytes=0 stderr_bytes=0 truncada=false reporte_ausente=true
]]></system-err>
  </testcase>
  <testcase name="elReporteSeSeparaConElNonceDeLaEjecucion" classname="sandbox.ejecutor.EjecucionTest" time="0.331">
    <system-err><![CDATA[[ejecutor] id=23f3753b-fe94-4415-a096-f42efca0cc27 stdin_bytes=33 cierre_completo=true
[ejecutor] id=23f3753b-fe94-4415-a096-f42efca0cc27 resultado=COMPLETADA exit=0 oom=false duracion_ms=321 stdout_bytes=14 stderr_bytes=0 truncada=false reporte_ausente=false
]]></system-err>
  </testcase>
  <testcase name="a33_laEscrituraQueNoAvanzaNoRetieneElCupo" classname="sandbox.ejecutor.EjecucionTest" time="60.046">
    <system-err><![CDATA[[ejecutor] id=8bb7fc65-d550-4d38-a830-e9e06299247c stdin_bytes=2097185 cierre_completo=false
[ejecutor] id=8bb7fc65-d550-4d38-a830-e9e06299247c resultado=TIMEOUT exit=null oom=false duracion_ms=60034 stdout_bytes=0 stderr_bytes=0 truncada=false reporte_ausente=true
]]></system-err>
  </testcase>
  <testcase name="a31_elInspectQueFallaNoAbortaLaEjecucion" classname="sandbox.ejecutor.EjecucionTest" time="0.017">
    <system-err><![CDATA[[ejecutor] id=cf725c2d-9e97-4110-b783-825b48701822 stdin_bytes=33 cierre_completo=true
[ejecutor] inspect fallo (inspect respondio 500); se devuelve oomKilled=false
[ejecutor] id=cf725c2d-9e97-4110-b783-825b48701822 resultado=COMPLETADA exit=7 oom=false duracion_ms=8 stdout_bytes=14 stderr_bytes=0 truncada=false reporte_ausente=true
]]></system-err>
  </testcase>
  <testcase name="createQueFallaEsErrorDaemon" classname="sandbox.ejecutor.EjecucionTest" time="0.008">
    <system-err><![CDATA[[ejecutor] id=0d5fcd7e-eadc-4501-acab-b716ed19b236 resultado=ERROR_DAEMON causa=create respondio 500
]]></system-err>
  </testcase>
  <testcase name="r50_todasLasRutasLlevanLaVersion" classname="sandbox.ejecutor.EjecucionTest" time="0.013">
    <system-err><![CDATA[[ejecutor] id=dadb8e31-7e5c-4e89-af7a-20b715187a27 stdin_bytes=33 cierre_completo=true
[ejecutor] id=dadb8e31-7e5c-4e89-af7a-20b715187a27 resultado=COMPLETADA exit=0 oom=false duracion_ms=6 stdout_bytes=0 stderr_bytes=0 truncada=false reporte_ausente=true
]]></system-err>
  </testcase>
  <testcase name="siempreSeBorraElContenedor" classname="sandbox.ejecutor.EjecucionTest" time="0.012">
    <system-err><![CDATA[[ejecutor] id=76b086fa-133e-4887-8392-eee936b45ff5 stdin_bytes=33 cierre_completo=true
[ejecutor] id=76b086fa-133e-4887-8392-eee936b45ff5 resultado=COMPLETADA exit=0 oom=false duracion_ms=5 stdout_bytes=0 stderr_bytes=0 truncada=false reporte_ausente=true
]]></system-err>
  </testcase>
  <testcase name="a31_oomKilledVieneDelInspect" classname="sandbox.ejecutor.EjecucionTest" time="0.011">
    <system-err><![CDATA[[ejecutor] id=00520ecd-7ed5-451d-b49a-74528f4fb38c stdin_bytes=33 cierre_completo=true
[ejecutor] id=00520ecd-7ed5-451d-b49a-74528f4fb38c resultado=COMPLETADA exit=0 oom=true duracion_ms=5 stdout_bytes=0 stderr_bytes=0 truncada=false reporte_ausente=true
]]></system-err>
  </testcase>
  <testcase name="r57_logsChunkedSeReconstruyeEntero" classname="sandbox.ejecutor.EjecucionTest" time="0.021">
    <system-err><![CDATA[[ejecutor] id=3f497334-1290-47cf-84f0-7c646dfe88a8 stdin_bytes=33 cierre_completo=true
[ejecutor] id=3f497334-1290-47cf-84f0-7c646dfe88a8 resultado=COMPLETADA exit=0 oom=false duracion_ms=14 stdout_bytes=5000 stderr_bytes=0 truncada=false reporte_ausente=true
]]></system-err>
  </testcase>
  <testcase name="pingContraElDaemon" classname="sandbox.ejecutor.EjecucionTest" time="0.005"/>
  <testcase name="r82_timeoutMataYDevuelveLaSalidaParcial" classname="sandbox.ejecutor.EjecucionTest" time="60.03">
    <system-err><![CDATA[[ejecutor] id=740b8147-cafe-490e-ab4b-7a47b4d2802d stdin_bytes=33 cierre_completo=true
[ejecutor] id=740b8147-cafe-490e-ab4b-7a47b4d2802d resultado=TIMEOUT exit=null oom=false duracion_ms=60021 stdout_bytes=21 stderr_bytes=0 truncada=false reporte_ausente=true
]]></system-err>
  </testcase>
  <testcase name="a21_elAlumnoNoPuedeFalsificarElReporte" classname="sandbox.ejecutor.EjecucionTest" time="0.331">
    <system-err><![CDATA[[ejecutor] id=5e86df0d-4376-48b7-948a-c01c7548d409 stdin_bytes=33 cierre_completo=true
[ejecutor] id=5e86df0d-4376-48b7-948a-c01c7548d409 resultado=COMPLETADA exit=0 oom=false duracion_ms=323 stdout_bytes=147 stderr_bytes=0 truncada=false reporte_ausente=false
]]></system-err>
  </testcase>
  <testcase name="r510_elInspectTambienCorreEnTimeout" classname="sandbox.ejecutor.EjecucionTest" time="60.047">
    <system-err><![CDATA[[ejecutor] id=eeff9262-7824-470c-aa78-5d7d5cf9bfca stdin_bytes=33 cierre_completo=true
[ejecutor] id=eeff9262-7824-470c-aa78-5d7d5cf9bfca resultado=TIMEOUT exit=null oom=true duracion_ms=60024 stdout_bytes=0 stderr_bytes=0 truncada=false reporte_ausente=true
]]></system-err>
  </testcase>
  <testcase name="caminoFeliz" classname="sandbox.ejecutor.EjecucionTest" time="0.014">
    <system-err><![CDATA[[ejecutor] id=e679623c-6de8-4e39-91f7-d756fe55ad17 stdin_bytes=36 cierre_completo=true
[ejecutor] id=e679623c-6de8-4e39-91f7-d756fe55ad17 resultado=COMPLETADA exit=0 oom=false duracion_ms=6 stdout_bytes=11 stderr_bytes=9 truncada=false reporte_ausente=true
]]></system-err>
  </testcase>
  <testcase name="exitCodeDistintoDeCeroSigueSiendoCompletada" classname="sandbox.ejecutor.EjecucionTest" time="0.012">
    <system-err><![CDATA[[ejecutor] id=8918528e-66ab-4826-b28b-623100b9d333 stdin_bytes=33 cierre_completo=true
[ejecutor] id=8918528e-66ab-4826-b28b-623100b9d333 resultado=COMPLETADA exit=1 oom=false duracion_ms=5 stdout_bytes=0 stderr_bytes=26 truncada=false reporte_ausente=true
]]></system-err>
  </testcase>
  <testcase name="r61_rawStreamEsErrorDaemon" classname="sandbox.ejecutor.EjecucionTest" time="0.012">
    <system-err><![CDATA[[ejecutor] id=e34c2575-8369-40f8-80d8-800d08959cfa stdin_bytes=33 cierre_completo=true
[ejecutor] id=e34c2575-8369-40f8-80d8-800d08959cfa resultado=ERROR_DAEMON causa=logs devolvio un content-type inesperado
]]></system-err>
  </testcase>
</testsuite>